<?xml version="1.0" encoding="UTF-8"?>
<!-- Generated by org.testng.reporters.JUnitReportReporter -->
<testsuite hostname="DESKTOP-CDPNI2Q" failures="0" tests="3" name="testngsessions.AppTest1" time="0.010" errors="0" timestamp="21 Mar 2022 16:47:26 GMT" skipped="0">
  <testcase classname="testngsessions.AppTest1" name="isUserLoggedInTest" time="0.002"/>
  <testcase classname="testngsessions.AppTest1" name="headerTest" time="0.006"/>
  <testcase classname="testngsessions.AppTest1" name="titleTest" time="0.002"/>
</testsuite> <!-- testngsessions.AppTest1 -->
