<?xml version="1.0" encoding="UTF-8"?>
<!-- Generated by org.testng.reporters.JUnitReportReporter -->
<testsuite hostname="DESKTOP-CDPNI2Q" failures="0" tests="3" name="testngsessions.AppTest" time="0.014" errors="0" timestamp="21 Mar 2022 16:57:30 GMT" skipped="0">
  <testcase classname="testngsessions.AppTest" name="isUserLoggedInTest" time="0.004"/>
  <testcase classname="testngsessions.AppTest" name="titleTest" time="0.003"/>
  <testcase classname="testngsessions.AppTest" name="headerTest" time="0.007"/>
</testsuite> <!-- testngsessions.AppTest -->
