<?xml version="1.0" encoding="UTF-8"?>
<!-- Generated by org.testng.reporters.JUnitReportReporter -->
<testsuite hostname="DESKTOP-CDPNI2Q" failures="0" tests="5" name="testngsessions.PriorityTest" time="0.021" errors="0" timestamp="25 Mar 2022 06:39:11 GMT" skipped="0">
  <testcase classname="testngsessions.PriorityTest" name="e_test" time="0.014"/>
  <testcase classname="testngsessions.PriorityTest" name="d_test" time="0.002"/>
  <testcase classname="testngsessions.PriorityTest" name="b_test" time="0.002"/>
  <testcase classname="testngsessions.PriorityTest" name="a_test" time="0.001"/>
  <testcase classname="testngsessions.PriorityTest" name="c_test" time="0.002"/>
</testsuite> <!-- testngsessions.PriorityTest -->
