<?xml version="1.0" encoding="UTF-8"?>
<!-- Generated by org.testng.reporters.JUnitReportReporter -->
<testsuite hostname="DESKTOP-CDPNI2Q" failures="0" tests="1" name="testngsessions.ExpectedExceptionConcept" time="0.012" errors="0" timestamp="25 Mar 2022 07:13:19 GMT" skipped="0">
  <testcase classname="testngsessions.ExpectedExceptionConcept" name="loginTest" time="0.012"/>
</testsuite> <!-- testngsessions.ExpectedExceptionConcept -->
