<?xml version="1.0" encoding="UTF-8"?>
<!-- Generated by org.testng.reporters.JUnitReportReporter -->
<testsuite hostname="DESKTOP-CDPNI2Q" failures="0" tests="3" name="testngsessions.AmazonTestBM" time="45.866" errors="0" timestamp="21 Mar 2022 17:18:41 GMT" skipped="0">
  <testcase classname="testngsessions.AmazonTestBM" name="titleTest" time="13.785"/>
  <testcase classname="testngsessions.AmazonTestBM" name="urlTest" time="16.807"/>
  <testcase classname="testngsessions.AmazonTestBM" name="searchTest" time="15.274"/>
</testsuite> <!-- testngsessions.AmazonTestBM -->
