<?xml version="1.0" encoding="UTF-8"?>
<!-- Generated by org.testng.reporters.JUnitReportReporter -->
<testsuite hostname="DESKTOP-CDPNI2Q" failures="0" tests="3" name="testngsessions.AmazonTest" time="8.707" errors="0" timestamp="25 Mar 2022 07:27:34 GMT" skipped="0">
  <testcase classname="testngsessions.AmazonTest" name="searchTest" time="8.682"/>
  <testcase classname="testngsessions.AmazonTest" name="urlTest" time="0.012"/>
  <testcase classname="testngsessions.AmazonTest" name="titleTest" time="0.013"/>
</testsuite> <!-- testngsessions.AmazonTest -->
